# JRE version: Java(TM) SE Runtime Environment (23.0.1+11) (build 23.0.1+11-39)
# Java VM: Java HotSpot(TM) 64-Bit Server VM (23.0.1+11-39, mixed mode, sharing, tiered, compressed oops, compressed class ptrs, g1 gc, windows-amd64)
GC Precious Log:
 CardTable entry size: 512
 Card Set container configuration: InlinePtr #cards 5 size 8 Array Of Cards #cards 10 size 36 Howl #buckets 4 coarsen threshold 1843 Howl Bitmap #cards 512 size 80 coarsen threshold 460 Card regions per heap region 1 cards per card region 2048
 CPUs: 16 total, 16 available
 Memory: 15720M
 Large Page Support: Disabled
 NUMA Support: Disabled
 Compressed Oops: Enabled (32-bit)
 Heap Region Size: 1M
 Heap Min Capacity: 8M
 Heap Initial Capacity: 246M
 Heap Max Capacity: 1G
 Pre-touch: Disabled
 Parallel Workers: 13
 Concurrent Workers: 3
 Concurrent Refinement Workers: 13
 Periodic GC: Disabled
Heap:
 garbage-first heap   total reserved 1048576K, committed 157696K, used 103690K [0x00000000c0000000, 0x0000000100000000)
  region size 1024K, 12 young (12288K), 4 survivors (4096K)
 Metaspace       used 90643K, committed 92928K, reserved 1179648K
  class space    used 13291K, committed 14400K, reserved 1048576K
GC Heap History (20 events):
Event: 13.420 GC heap before
{Heap before GC invocations=24 (full 0):
 garbage-first heap   total reserved 1048576K, committed 111616K, used 89786K [0x00000000c0000000, 0x0000000100000000)
  region size 1024K, 25 young (25600K), 4 survivors (4096K)
 Metaspace       used 67553K, committed 69504K, reserved 1114112K
  class space    used 9765K, committed 10688K, reserved 1048576K
}
Event: 13.424 GC heap after
{Heap after GC invocations=25 (full 0):
 garbage-first heap   total reserved 1048576K, committed 111616K, used 71561K [0x00000000c0000000, 0x0000000100000000)
  region size 1024K, 4 young (4096K), 4 survivors (4096K)
 Metaspace       used 67553K, committed 69504K, reserved 1114112K
  class space    used 9765K, committed 10688K, reserved 1048576K
}
Event: 13.737 GC heap before
{Heap before GC invocations=26 (full 0):
 garbage-first heap   total reserved 1048576K, committed 128000K, used 104329K [0x00000000c0000000, 0x0000000100000000)
  region size 1024K, 31 young (31744K), 4 survivors (4096K)
 Metaspace       used 68741K, committed 70784K, reserved 1114112K
  class space    used 9933K, committed 10880K, reserved 1048576K
}
Event: 13.740 GC heap after
{Heap after GC invocations=27 (full 0):
 garbage-first heap   total reserved 1048576K, committed 128000K, used 75660K [0x00000000c0000000, 0x0000000100000000)
  region size 1024K, 4 young (4096K), 4 survivors (4096K)
 Metaspace       used 68741K, committed 70784K, reserved 1114112K
  class space    used 9933K, committed 10880K, reserved 1048576K
}
Event: 14.321 GC heap before
{Heap before GC invocations=27 (full 0):
 garbage-first heap   total reserved 1048576K, committed 128000K, used 111500K [0x00000000c0000000, 0x0000000100000000)
  region size 1024K, 40 young (40960K), 4 survivors (4096K)
 Metaspace       used 71482K, committed 73536K, reserved 1114112K
  class space    used 10281K, committed 11264K, reserved 1048576K
}
Event: 14.326 GC heap after
{Heap after GC invocations=28 (full 0):
 garbage-first heap   total reserved 1048576K, committed 128000K, used 77063K [0x00000000c0000000, 0x0000000100000000)
  region size 1024K, 2 young (2048K), 2 survivors (2048K)
 Metaspace       used 71482K, committed 73536K, reserved 1114112K
  class space    used 10281K, committed 11264K, reserved 1048576K
}
Event: 14.925 GC heap before
{Heap before GC invocations=28 (full 0):
 garbage-first heap   total reserved 1048576K, committed 128000K, used 113927K [0x00000000c0000000, 0x0000000100000000)
  region size 1024K, 38 young (38912K), 2 survivors (2048K)
 Metaspace       used 73699K, committed 75840K, reserved 1114112K
  class space    used 10555K, committed 11584K, reserved 1048576K
}
Event: 14.930 GC heap after
{Heap after GC invocations=29 (full 0):
 garbage-first heap   total reserved 1048576K, committed 128000K, used 80709K [0x00000000c0000000, 0x0000000100000000)
  region size 1024K, 5 young (5120K), 5 survivors (5120K)
 Metaspace       used 73699K, committed 75840K, reserved 1114112K
  class space    used 10555K, committed 11584K, reserved 1048576K
}
Event: 15.493 GC heap before
{Heap before GC invocations=30 (full 0):
 garbage-first heap   total reserved 1048576K, committed 135168K, used 114501K [0x00000000c0000000, 0x0000000100000000)
  region size 1024K, 38 young (38912K), 5 survivors (5120K)
 Metaspace       used 76216K, committed 78336K, reserved 1179648K
  class space    used 10985K, committed 12032K, reserved 1048576K
}
Event: 15.498 GC heap after
{Heap after GC invocations=31 (full 0):
 garbage-first heap   total reserved 1048576K, committed 135168K, used 82354K [0x00000000c0000000, 0x0000000100000000)
  region size 1024K, 2 young (2048K), 2 survivors (2048K)
 Metaspace       used 76216K, committed 78336K, reserved 1179648K
  class space    used 10985K, committed 12032K, reserved 1048576K
}
Event: 16.056 GC heap before
{Heap before GC invocations=31 (full 0):
 garbage-first heap   total reserved 1048576K, committed 135168K, used 121266K [0x00000000c0000000, 0x0000000100000000)
  region size 1024K, 40 young (40960K), 2 survivors (2048K)
 Metaspace       used 79098K, committed 81280K, reserved 1179648K
  class space    used 11502K, committed 12544K, reserved 1048576K
}
Event: 16.060 GC heap after
{Heap after GC invocations=32 (full 0):
 garbage-first heap   total reserved 1048576K, committed 135168K, used 83585K [0x00000000c0000000, 0x0000000100000000)
  region size 1024K, 3 young (3072K), 3 survivors (3072K)
 Metaspace       used 79098K, committed 81280K, reserved 1179648K
  class space    used 11502K, committed 12544K, reserved 1048576K
}
Event: 16.641 GC heap before
{Heap before GC invocations=32 (full 0):
 garbage-first heap   total reserved 1048576K, committed 135168K, used 123521K [0x00000000c0000000, 0x0000000100000000)
  region size 1024K, 42 young (43008K), 3 survivors (3072K)
 Metaspace       used 81998K, committed 84352K, reserved 1179648K
  class space    used 11934K, committed 13056K, reserved 1048576K
}
Event: 16.646 GC heap after
{Heap after GC invocations=33 (full 0):
 garbage-first heap   total reserved 1048576K, committed 135168K, used 85381K [0x00000000c0000000, 0x0000000100000000)
  region size 1024K, 5 young (5120K), 5 survivors (5120K)
 Metaspace       used 81998K, committed 84352K, reserved 1179648K
  class space    used 11934K, committed 13056K, reserved 1048576K
}
Event: 17.279 GC heap before
{Heap before GC invocations=34 (full 0):
 garbage-first heap   total reserved 1048576K, committed 143360K, used 122245K [0x00000000c0000000, 0x0000000100000000)
  region size 1024K, 41 young (41984K), 5 survivors (5120K)
 Metaspace       used 85110K, committed 87360K, reserved 1179648K
  class space    used 12434K, committed 13504K, reserved 1048576K
}
Event: 17.284 GC heap after
{Heap after GC invocations=35 (full 0):
 garbage-first heap   total reserved 1048576K, committed 143360K, used 87281K [0x00000000c0000000, 0x0000000100000000)
  region size 1024K, 4 young (4096K), 4 survivors (4096K)
 Metaspace       used 85110K, committed 87360K, reserved 1179648K
  class space    used 12434K, committed 13504K, reserved 1048576K
}
Event: 17.929 GC heap before
{Heap before GC invocations=35 (full 0):
 garbage-first heap   total reserved 1048576K, committed 143360K, used 131313K [0x00000000c0000000, 0x0000000100000000)
  region size 1024K, 47 young (48128K), 4 survivors (4096K)
 Metaspace       used 88056K, committed 90368K, reserved 1179648K
  class space    used 12868K, committed 13952K, reserved 1048576K
}
Event: 17.936 GC heap after
{Heap after GC invocations=36 (full 0):
 garbage-first heap   total reserved 1048576K, committed 143360K, used 88596K [0x00000000c0000000, 0x0000000100000000)
  region size 1024K, 5 young (5120K), 5 survivors (5120K)
 Metaspace       used 88056K, committed 90368K, reserved 1179648K
  class space    used 12868K, committed 13952K, reserved 1048576K
}
Event: 18.682 GC heap before
{Heap before GC invocations=36 (full 0):
 garbage-first heap   total reserved 1048576K, committed 143360K, used 128532K [0x00000000c0000000, 0x0000000100000000)
  region size 1024K, 45 young (46080K), 5 survivors (5120K)
 Metaspace       used 90624K, committed 92928K, reserved 1179648K
  class space    used 13291K, committed 14400K, reserved 1048576K
}
Event: 18.689 GC heap after
{Heap after GC invocations=37 (full 0):
 garbage-first heap   total reserved 1048576K, committed 143360K, used 93281K [0x00000000c0000000, 0x0000000100000000)
  region size 1024K, 6 young (6144K), 6 survivors (6144K)
 Metaspace       used 90624K, committed 92928K, reserved 1179648K
  class space    used 13291K, committed 14400K, reserved 1048576K
}

